<?xml version="1.0" encoding="UTF-8"?>
<!-- Generated by org.testng.reporters.JUnitReportReporter -->
<testsuite hostname="DESKTOP-8L8BQUV" failures="0" tests="1" name="testNGTutorial.day_1" time="0.001" errors="0" timestamp="2024-07-24T15:03:28 WEST" skipped="0">
  <testcase classname="testNGTutorial.day_1" name="Demo" time="0.001"/>
  <system-out/>
</testsuite> <!-- testNGTutorial.day_1 -->
