<?xml version="1.0" encoding="UTF-8"?>
<!-- Generated by org.testng.reporters.JUnitReportReporter -->
<testsuite hostname="DESKTOP-8L8BQUV" failures="0" tests="2" name="testNGTutorial.day_3" time="0.003" errors="0" timestamp="2024-07-24T15:03:28 WEST" skipped="0">
  <testcase classname="testNGTutorial.day_3" name="calculate" time="0.001"/>
  <system-out/>
  <testcase classname="testNGTutorial.day_3" name="calculate_Sum" time="0.002"/>
  <system-out/>
</testsuite> <!-- testNGTutorial.day_3 -->
