<?xml version="1.0" encoding="UTF-8"?>
<!-- Generated by org.testng.reporters.JUnitReportReporter -->
<testsuite hostname="DESKTOP-8L8BQUV" failures="0" tests="1" name="TestNGTutorial_1.TestNGTutorials_1.day_1" time="0.007" errors="0" timestamp="2024-07-03T19:06:25 CEST" skipped="0">
  <testcase classname="TestNGTutorial_1.TestNGTutorials_1.day_1" name="Demo" time="0.007"/>
  <system-out/>
</testsuite> <!-- TestNGTutorial_1.TestNGTutorials_1.day_1 -->
